Traceback (most recent call last):
  File "/opt/hostedtoolcache/Python/3.8.10/x64/lib/python3.8/site-packages/jupyter_cache/executors/utils.py", line 51, in single_nb_execution
    executenb(
  File "/opt/hostedtoolcache/Python/3.8.10/x64/lib/python3.8/site-packages/nbclient/client.py", line 1112, in execute
    return NotebookClient(nb=nb, resources=resources, km=km, **kwargs).execute()
  File "/opt/hostedtoolcache/Python/3.8.10/x64/lib/python3.8/site-packages/nbclient/util.py", line 74, in wrapped
    return just_run(coro(*args, **kwargs))
  File "/opt/hostedtoolcache/Python/3.8.10/x64/lib/python3.8/site-packages/nbclient/util.py", line 53, in just_run
    return loop.run_until_complete(coro)
  File "/opt/hostedtoolcache/Python/3.8.10/x64/lib/python3.8/asyncio/base_events.py", line 616, in run_until_complete
    return future.result()
  File "/opt/hostedtoolcache/Python/3.8.10/x64/lib/python3.8/site-packages/nbclient/client.py", line 553, in async_execute
    await self.async_execute_cell(
  File "/opt/hostedtoolcache/Python/3.8.10/x64/lib/python3.8/site-packages/nbclient/client.py", line 857, in async_execute_cell
    self._check_raise_for_error(cell, exec_reply)
  File "/opt/hostedtoolcache/Python/3.8.10/x64/lib/python3.8/site-packages/nbclient/client.py", line 760, in _check_raise_for_error
    raise CellExecutionError.from_cell_and_msg(cell, exec_reply_content)
nbclient.exceptions.CellExecutionError: An error occurred while executing the following cell:
------------------
Ka=K[0,0:1]
Kb=K[0,1:]

Ar = Abb-Ltred@Aab-(Bb-Ltred@Ba)@Kb
Br = Ar@Ltred + Aba - Ltred@Aaa - (Bb-Ltred@Ba)@Ka
Cr = -Kb
Dr = -Ka-Kb@Ltred
------------------

[0;31m---------------------------------------------------------------------------[0m
[0;31mValueError[0m                                Traceback (most recent call last)
[0;32m<ipython-input-14-2f2f6e4c599f>[0m in [0;36m<module>[0;34m[0m
[1;32m      3[0m [0;34m[0m[0m
[1;32m      4[0m [0mAr[0m [0;34m=[0m [0mAbb[0m[0;34m-[0m[0mLtred[0m[0;34m@[0m[0mAab[0m[0;34m-[0m[0;34m([0m[0mBb[0m[0;34m-[0m[0mLtred[0m[0;34m@[0m[0mBa[0m[0;34m)[0m[0;34m@[0m[0mKb[0m[0;34m[0m[0;34m[0m[0m
[0;32m----> 5[0;31m [0mBr[0m [0;34m=[0m [0mAr[0m[0;34m@[0m[0mLtred[0m [0;34m+[0m [0mAba[0m [0;34m-[0m [0mLtred[0m[0;34m@[0m[0mAaa[0m [0;34m-[0m [0;34m([0m[0mBb[0m[0;34m-[0m[0mLtred[0m[0;34m@[0m[0mBa[0m[0;34m)[0m[0;34m@[0m[0mKa[0m[0;34m[0m[0;34m[0m[0m
[0m[1;32m      6[0m [0mCr[0m [0;34m=[0m [0;34m-[0m[0mKb[0m[0;34m[0m[0;34m[0m[0m
[1;32m      7[0m [0mDr[0m [0;34m=[0m [0;34m-[0m[0mKa[0m[0;34m-[0m[0mKb[0m[0;34m@[0m[0mLtred[0m[0;34m[0m[0;34m[0m[0m

[0;31mValueError[0m: matmul: Input operand 1 has a mismatch in its core dimension 0, with gufunc signature (n?,k),(k,m?)->(n?,m?) (size 1 is different from 2)
ValueError: matmul: Input operand 1 has a mismatch in its core dimension 0, with gufunc signature (n?,k),(k,m?)->(n?,m?) (size 1 is different from 2)

