Traceback (most recent call last):
  File "/opt/hostedtoolcache/Python/3.8.10/x64/lib/python3.8/site-packages/jupyter_cache/executors/utils.py", line 51, in single_nb_execution
    executenb(
  File "/opt/hostedtoolcache/Python/3.8.10/x64/lib/python3.8/site-packages/nbclient/client.py", line 1112, in execute
    return NotebookClient(nb=nb, resources=resources, km=km, **kwargs).execute()
  File "/opt/hostedtoolcache/Python/3.8.10/x64/lib/python3.8/site-packages/nbclient/util.py", line 74, in wrapped
    return just_run(coro(*args, **kwargs))
  File "/opt/hostedtoolcache/Python/3.8.10/x64/lib/python3.8/site-packages/nbclient/util.py", line 53, in just_run
    return loop.run_until_complete(coro)
  File "/opt/hostedtoolcache/Python/3.8.10/x64/lib/python3.8/asyncio/base_events.py", line 616, in run_until_complete
    return future.result()
  File "/opt/hostedtoolcache/Python/3.8.10/x64/lib/python3.8/site-packages/nbclient/client.py", line 553, in async_execute
    await self.async_execute_cell(
  File "/opt/hostedtoolcache/Python/3.8.10/x64/lib/python3.8/site-packages/nbclient/client.py", line 857, in async_execute_cell
    self._check_raise_for_error(cell, exec_reply)
  File "/opt/hostedtoolcache/Python/3.8.10/x64/lib/python3.8/site-packages/nbclient/client.py", line 760, in _check_raise_for_error
    raise CellExecutionError.from_cell_and_msg(cell, exec_reply_content)
nbclient.exceptions.CellExecutionError: An error occurred while executing the following cell:
------------------
fig, axes = plt.subplots(3, 1, figsize=(15, 15))

axes[0].plot(t,y[0,:])
axes[0].grid()
axes[0].set_title(r"Corriente de armadura $i_a$")
axes[0].set_ylabel(r'$i_a[A]$')

axes[1].plot(t,y[1,:], 'g');
axes[1].grid()
axes[1].set_title(r"Velocidad angular del motor $\omega_m (t)$")
axes[1].set_ylabel(r'$\omega$[rad/seg]')

axes[2].plot(t,y[2,:], 'r', label="y = x")
axes[2].grid()
axes[2].set_title( r"Posición angular del motor $\theta_m(t)$")
axes[2].set_xlabel('Tiempo[s]')
axes[2].set_ylabel(r'$\theta_m(t)$');

fig.tight_layout()
------------------

[0;31m---------------------------------------------------------------------------[0m
[0;31mValueError[0m                                Traceback (most recent call last)
[0;32m/tmp/ipykernel_2020/2089951455.py[0m in [0;36m<module>[0;34m[0m
[1;32m      1[0m [0mfig[0m[0;34m,[0m [0maxes[0m [0;34m=[0m [0mplt[0m[0;34m.[0m[0msubplots[0m[0;34m([0m[0;36m3[0m[0;34m,[0m [0;36m1[0m[0;34m,[0m [0mfigsize[0m[0;34m=[0m[0;34m([0m[0;36m15[0m[0;34m,[0m [0;36m15[0m[0;34m)[0m[0;34m)[0m[0;34m[0m[0;34m[0m[0m
[1;32m      2[0m [0;34m[0m[0m
[0;32m----> 3[0;31m [0maxes[0m[0;34m[[0m[0;36m0[0m[0;34m][0m[0;34m.[0m[0mplot[0m[0;34m([0m[0mt[0m[0;34m,[0m[0my[0m[0;34m[[0m[0;36m0[0m[0;34m,[0m[0;34m:[0m[0;34m][0m[0;34m)[0m[0;34m[0m[0;34m[0m[0m
[0m[1;32m      4[0m [0maxes[0m[0;34m[[0m[0;36m0[0m[0;34m][0m[0;34m.[0m[0mgrid[0m[0;34m([0m[0;34m)[0m[0;34m[0m[0;34m[0m[0m
[1;32m      5[0m [0maxes[0m[0;34m[[0m[0;36m0[0m[0;34m][0m[0;34m.[0m[0mset_title[0m[0;34m([0m[0;34mr"Corriente de armadura $i_a$"[0m[0;34m)[0m[0;34m[0m[0;34m[0m[0m

[0;32m/opt/hostedtoolcache/Python/3.8.10/x64/lib/python3.8/site-packages/matplotlib/axes/_axes.py[0m in [0;36mplot[0;34m(self, scalex, scaley, data, *args, **kwargs)[0m
[1;32m   1603[0m         """
[1;32m   1604[0m         [0mkwargs[0m [0;34m=[0m [0mcbook[0m[0;34m.[0m[0mnormalize_kwargs[0m[0;34m([0m[0mkwargs[0m[0;34m,[0m [0mmlines[0m[0;34m.[0m[0mLine2D[0m[0;34m)[0m[0;34m[0m[0;34m[0m[0m
[0;32m-> 1605[0;31m         [0mlines[0m [0;34m=[0m [0;34m[[0m[0;34m*[0m[0mself[0m[0;34m.[0m[0m_get_lines[0m[0;34m([0m[0;34m*[0m[0margs[0m[0;34m,[0m [0mdata[0m[0;34m=[0m[0mdata[0m[0;34m,[0m [0;34m**[0m[0mkwargs[0m[0;34m)[0m[0;34m][0m[0;34m[0m[0;34m[0m[0m
[0m[1;32m   1606[0m         [0;32mfor[0m [0mline[0m [0;32min[0m [0mlines[0m[0;34m:[0m[0;34m[0m[0;34m[0m[0m
[1;32m   1607[0m             [0mself[0m[0;34m.[0m[0madd_line[0m[0;34m([0m[0mline[0m[0;34m)[0m[0;34m[0m[0;34m[0m[0m

[0;32m/opt/hostedtoolcache/Python/3.8.10/x64/lib/python3.8/site-packages/matplotlib/axes/_base.py[0m in [0;36m__call__[0;34m(self, data, *args, **kwargs)[0m
[1;32m    313[0m                 [0mthis[0m [0;34m+=[0m [0margs[0m[0;34m[[0m[0;36m0[0m[0;34m][0m[0;34m,[0m[0;34m[0m[0;34m[0m[0m
[1;32m    314[0m                 [0margs[0m [0;34m=[0m [0margs[0m[0;34m[[0m[0;36m1[0m[0;34m:[0m[0;34m][0m[0;34m[0m[0;34m[0m[0m
[0;32m--> 315[0;31m             [0;32myield[0m [0;32mfrom[0m [0mself[0m[0;34m.[0m[0m_plot_args[0m[0;34m([0m[0mthis[0m[0;34m,[0m [0mkwargs[0m[0;34m)[0m[0;34m[0m[0;34m[0m[0m
[0m[1;32m    316[0m [0;34m[0m[0m
[1;32m    317[0m     [0;32mdef[0m [0mget_next_color[0m[0;34m([0m[0mself[0m[0;34m)[0m[0;34m:[0m[0;34m[0m[0;34m[0m[0m

[0;32m/opt/hostedtoolcache/Python/3.8.10/x64/lib/python3.8/site-packages/matplotlib/axes/_base.py[0m in [0;36m_plot_args[0;34m(self, tup, kwargs, return_kwargs)[0m
[1;32m    499[0m [0;34m[0m[0m
[1;32m    500[0m         [0;32mif[0m [0mx[0m[0;34m.[0m[0mshape[0m[0;34m[[0m[0;36m0[0m[0;34m][0m [0;34m!=[0m [0my[0m[0;34m.[0m[0mshape[0m[0;34m[[0m[0;36m0[0m[0;34m][0m[0;34m:[0m[0;34m[0m[0;34m[0m[0m
[0;32m--> 501[0;31m             raise ValueError(f"x and y must have same first dimension, but "
[0m[1;32m    502[0m                              f"have shapes {x.shape} and {y.shape}")
[1;32m    503[0m         [0;32mif[0m [0mx[0m[0;34m.[0m[0mndim[0m [0;34m>[0m [0;36m2[0m [0;32mor[0m [0my[0m[0;34m.[0m[0mndim[0m [0;34m>[0m [0;36m2[0m[0;34m:[0m[0;34m[0m[0;34m[0m[0m

[0;31mValueError[0m: x and y must have same first dimension, but have shapes (500,) and (1, 500)
ValueError: x and y must have same first dimension, but have shapes (500,) and (1, 500)

